mode: set
github.com/cbmarie255/awesome-api/main.go:13.13,15.44 2 0
github.com/cbmarie255/awesome-api/main.go:18.3,21.58 2 0
github.com/cbmarie255/awesome-api/main.go:15.44,17.4 1 0
github.com/cbmarie255/awesome-api/main.go:24.32,34.2 4 0
github.com/cbmarie255/awesome-api/main.go:36.65,44.2 2 0
github.com/cbmarie255/awesome-api/main.go:46.59,54.25 4 1
github.com/cbmarie255/awesome-api/main.go:67.2,67.16 1 1
github.com/cbmarie255/awesome-api/main.go:72.2,75.56 2 1
github.com/cbmarie255/awesome-api/main.go:55.9,57.13 1 0
github.com/cbmarie255/awesome-api/main.go:58.9,60.24 1 1
github.com/cbmarie255/awesome-api/main.go:61.10,63.40 1 0
github.com/cbmarie255/awesome-api/main.go:67.16,69.3 1 0
